Analysis & Synthesis report for alu
Thu Aug 08 23:02:50 2024
Quartus Prime Version 18.1.0 Build 625 09/12/2018 SJ Lite Edition


---------------------
; Table of Contents ;
---------------------
  1. Legal Notice
  2. Analysis & Synthesis Summary
  3. Analysis & Synthesis Settings
  4. Parallel Compilation
  5. Analysis & Synthesis Source Files Read
  6. Analysis & Synthesis Resource Usage Summary
  7. Analysis & Synthesis Resource Utilization by Entity
  8. General Register Statistics
  9. Port Connectivity Checks: "mux8:m2"
 10. Port Connectivity Checks: "fsb8:fs1|fsb:fa0"
 11. Port Connectivity Checks: "fad8:fa1|fad:fa0"
 12. Post-Synthesis Netlist Statistics for Top Partition
 13. Elapsed Time Per Partition
 14. Analysis & Synthesis Messages



----------------
; Legal Notice ;
----------------
Copyright (C) 2018  Intel Corporation. All rights reserved.
Your use of Intel Corporation's design tools, logic functions 
and other software and tools, and its AMPP partner logic 
functions, and any output files from any of the foregoing 
(including device programming or simulation files), and any 
associated documentation or information are expressly subject 
to the terms and conditions of the Intel Program License 
Subscription Agreement, the Intel Quartus Prime License Agreement,
the Intel FPGA IP License Agreement, or other applicable license
agreement, including, without limitation, that your use is for
the sole purpose of programming logic devices manufactured by
Intel and sold by Intel or its authorized distributors.  Please
refer to the applicable agreement for further details.



+----------------------------------------------------------------------------------+
; Analysis & Synthesis Summary                                                     ;
+------------------------------------+---------------------------------------------+
; Analysis & Synthesis Status        ; Successful - Thu Aug 08 23:02:50 2024       ;
; Quartus Prime Version              ; 18.1.0 Build 625 09/12/2018 SJ Lite Edition ;
; Revision Name                      ; alu                                         ;
; Top-level Entity Name              ; alu                                         ;
; Family                             ; MAX 10                                      ;
; Total logic elements               ; 49                                          ;
;     Total combinational functions  ; 49                                          ;
;     Dedicated logic registers      ; 0                                           ;
; Total registers                    ; 0                                           ;
; Total pins                         ; 34                                          ;
; Total virtual pins                 ; 0                                           ;
; Total memory bits                  ; 0                                           ;
; Embedded Multiplier 9-bit elements ; 0                                           ;
; Total PLLs                         ; 0                                           ;
; UFM blocks                         ; 0                                           ;
; ADC blocks                         ; 0                                           ;
+------------------------------------+---------------------------------------------+


+------------------------------------------------------------------------------------------------------------+
; Analysis & Synthesis Settings                                                                              ;
+------------------------------------------------------------------+--------------------+--------------------+
; Option                                                           ; Setting            ; Default Value      ;
+------------------------------------------------------------------+--------------------+--------------------+
; Device                                                           ; 10M50DAF484C7G     ;                    ;
; Top-level entity name                                            ; alu                ; alu                ;
; Family name                                                      ; MAX 10             ; Cyclone V          ;
; Use smart compilation                                            ; Off                ; Off                ;
; Enable parallel Assembler and Timing Analyzer during compilation ; On                 ; On                 ;
; Enable compact report table                                      ; Off                ; Off                ;
; Restructure Multiplexers                                         ; Auto               ; Auto               ;
; Create Debugging Nodes for IP Cores                              ; Off                ; Off                ;
; Preserve fewer node names                                        ; On                 ; On                 ;
; Intel FPGA IP Evaluation Mode                                    ; Enable             ; Enable             ;
; Verilog Version                                                  ; Verilog_2001       ; Verilog_2001       ;
; VHDL Version                                                     ; VHDL_1993          ; VHDL_1993          ;
; State Machine Processing                                         ; Auto               ; Auto               ;
; Safe State Machine                                               ; Off                ; Off                ;
; Extract Verilog State Machines                                   ; On                 ; On                 ;
; Extract VHDL State Machines                                      ; On                 ; On                 ;
; Ignore Verilog initial constructs                                ; Off                ; Off                ;
; Iteration limit for constant Verilog loops                       ; 5000               ; 5000               ;
; Iteration limit for non-constant Verilog loops                   ; 250                ; 250                ;
; Add Pass-Through Logic to Inferred RAMs                          ; On                 ; On                 ;
; Infer RAMs from Raw Logic                                        ; On                 ; On                 ;
; Parallel Synthesis                                               ; On                 ; On                 ;
; DSP Block Balancing                                              ; Auto               ; Auto               ;
; NOT Gate Push-Back                                               ; On                 ; On                 ;
; Power-Up Don't Care                                              ; On                 ; On                 ;
; Remove Redundant Logic Cells                                     ; Off                ; Off                ;
; Remove Duplicate Registers                                       ; On                 ; On                 ;
; Ignore CARRY Buffers                                             ; Off                ; Off                ;
; Ignore CASCADE Buffers                                           ; Off                ; Off                ;
; Ignore GLOBAL Buffers                                            ; Off                ; Off                ;
; Ignore ROW GLOBAL Buffers                                        ; Off                ; Off                ;
; Ignore LCELL Buffers                                             ; Off                ; Off                ;
; Ignore SOFT Buffers                                              ; On                 ; On                 ;
; Limit AHDL Integers to 32 Bits                                   ; Off                ; Off                ;
; Optimization Technique                                           ; Balanced           ; Balanced           ;
; Carry Chain Length                                               ; 70                 ; 70                 ;
; Auto Carry Chains                                                ; On                 ; On                 ;
; Auto Open-Drain Pins                                             ; On                 ; On                 ;
; Perform WYSIWYG Primitive Resynthesis                            ; Off                ; Off                ;
; Auto ROM Replacement                                             ; On                 ; On                 ;
; Auto RAM Replacement                                             ; On                 ; On                 ;
; Auto DSP Block Replacement                                       ; On                 ; On                 ;
; Auto Shift Register Replacement                                  ; Auto               ; Auto               ;
; Allow Shift Register Merging across Hierarchies                  ; Auto               ; Auto               ;
; Auto Clock Enable Replacement                                    ; On                 ; On                 ;
; Strict RAM Replacement                                           ; Off                ; Off                ;
; Allow Synchronous Control Signals                                ; On                 ; On                 ;
; Force Use of Synchronous Clear Signals                           ; Off                ; Off                ;
; Auto RAM Block Balancing                                         ; On                 ; On                 ;
; Auto RAM to Logic Cell Conversion                                ; Off                ; Off                ;
; Auto Resource Sharing                                            ; Off                ; Off                ;
; Allow Any RAM Size For Recognition                               ; Off                ; Off                ;
; Allow Any ROM Size For Recognition                               ; Off                ; Off                ;
; Allow Any Shift Register Size For Recognition                    ; Off                ; Off                ;
; Use LogicLock Constraints during Resource Balancing              ; On                 ; On                 ;
; Ignore translate_off and synthesis_off directives                ; Off                ; Off                ;
; Timing-Driven Synthesis                                          ; On                 ; On                 ;
; Report Parameter Settings                                        ; On                 ; On                 ;
; Report Source Assignments                                        ; On                 ; On                 ;
; Report Connectivity Checks                                       ; On                 ; On                 ;
; Ignore Maximum Fan-Out Assignments                               ; Off                ; Off                ;
; Synchronization Register Chain Length                            ; 2                  ; 2                  ;
; Power Optimization During Synthesis                              ; Normal compilation ; Normal compilation ;
; HDL message level                                                ; Level2             ; Level2             ;
; Suppress Register Optimization Related Messages                  ; Off                ; Off                ;
; Number of Removed Registers Reported in Synthesis Report         ; 5000               ; 5000               ;
; Number of Swept Nodes Reported in Synthesis Report               ; 5000               ; 5000               ;
; Number of Inverted Registers Reported in Synthesis Report        ; 100                ; 100                ;
; Clock MUX Protection                                             ; On                 ; On                 ;
; Auto Gated Clock Conversion                                      ; Off                ; Off                ;
; Block Design Naming                                              ; Auto               ; Auto               ;
; SDC constraint protection                                        ; Off                ; Off                ;
; Synthesis Effort                                                 ; Auto               ; Auto               ;
; Shift Register Replacement - Allow Asynchronous Clear Signal     ; On                 ; On                 ;
; Pre-Mapping Resynthesis Optimization                             ; Off                ; Off                ;
; Analysis & Synthesis Message Level                               ; Medium             ; Medium             ;
; Disable Register Merging Across Hierarchies                      ; Auto               ; Auto               ;
; Resource Aware Inference For Block RAM                           ; On                 ; On                 ;
+------------------------------------------------------------------+--------------------+--------------------+


+------------------------------------------+
; Parallel Compilation                     ;
+----------------------------+-------------+
; Processors                 ; Number      ;
+----------------------------+-------------+
; Number detected on machine ; 20          ;
; Maximum allowed            ; 14          ;
;                            ;             ;
; Average used               ; 1.00        ;
; Maximum used               ; 1           ;
;                            ;             ;
; Usage by Processor         ; % Time Used ;
;     Processor 1            ; 100.0%      ;
+----------------------------+-------------+


+-------------------------------------------------------------------------------------------------------------------------------------------------------+
; Analysis & Synthesis Source Files Read                                                                                                                ;
+----------------------------------+-----------------+------------------------+---------------------------------------------------------------+---------+
; File Name with User-Entered Path ; Used in Netlist ; File Type              ; File Name with Absolute Path                                  ; Library ;
+----------------------------------+-----------------+------------------------+---------------------------------------------------------------+---------+
; alu.v                            ; yes             ; User Verilog HDL File  ; C:/AA AAAAA/NITC/Sem3/Hardware lab/b230593cs/program3/alu.v   ;         ;
; fad.v                            ; yes             ; User Verilog HDL File  ; C:/AA AAAAA/NITC/Sem3/Hardware lab/b230593cs/program3/fad.v   ;         ;
; fad8.v                           ; yes             ; User Verilog HDL File  ; C:/AA AAAAA/NITC/Sem3/Hardware lab/b230593cs/program3/fad8.v  ;         ;
; fsb.v                            ; yes             ; User Verilog HDL File  ; C:/AA AAAAA/NITC/Sem3/Hardware lab/b230593cs/program3/fsb.v   ;         ;
; fsb8.v                           ; yes             ; User Verilog HDL File  ; C:/AA AAAAA/NITC/Sem3/Hardware lab/b230593cs/program3/fsb8.v  ;         ;
; bwxor.v                          ; yes             ; User Verilog HDL File  ; C:/AA AAAAA/NITC/Sem3/Hardware lab/b230593cs/program3/bwxor.v ;         ;
; ls.v                             ; yes             ; User Verilog HDL File  ; C:/AA AAAAA/NITC/Sem3/Hardware lab/b230593cs/program3/ls.v    ;         ;
; mux.v                            ; yes             ; User Verilog HDL File  ; C:/AA AAAAA/NITC/Sem3/Hardware lab/b230593cs/program3/mux.v   ;         ;
; mux8.v                           ; yes             ; User Verilog HDL File  ; C:/AA AAAAA/NITC/Sem3/Hardware lab/b230593cs/program3/mux8.v  ;         ;
+----------------------------------+-----------------+------------------------+---------------------------------------------------------------+---------+


+----------------------------------------------------------+
; Analysis & Synthesis Resource Usage Summary              ;
+---------------------------------------------+------------+
; Resource                                    ; Usage      ;
+---------------------------------------------+------------+
; Estimated Total logic elements              ; 49         ;
;                                             ;            ;
; Total combinational functions               ; 49         ;
; Logic element usage by number of LUT inputs ;            ;
;     -- 4 input functions                    ; 28         ;
;     -- 3 input functions                    ; 15         ;
;     -- <=2 input functions                  ; 6          ;
;                                             ;            ;
; Logic elements by mode                      ;            ;
;     -- normal mode                          ; 49         ;
;     -- arithmetic mode                      ; 0          ;
;                                             ;            ;
; Total registers                             ; 0          ;
;     -- Dedicated logic registers            ; 0          ;
;     -- I/O registers                        ; 0          ;
;                                             ;            ;
; I/O pins                                    ; 34         ;
;                                             ;            ;
; Embedded Multiplier 9-bit elements          ; 0          ;
;                                             ;            ;
; Maximum fan-out node                        ; s[0]~input ;
; Maximum fan-out                             ; 18         ;
; Total fan-out                               ; 216        ;
; Average fan-out                             ; 1.85       ;
+---------------------------------------------+------------+


+--------------------------------------------------------------------------------------------------------------------------------------------------------------------------------------------------------------------------------------+
; Analysis & Synthesis Resource Utilization by Entity                                                                                                                                                                                  ;
+----------------------------+---------------------+---------------------------+-------------+------------+--------------+---------+-----------+------+--------------+------------+-----------------------+-------------+--------------+
; Compilation Hierarchy Node ; Combinational ALUTs ; Dedicated Logic Registers ; Memory Bits ; UFM Blocks ; DSP Elements ; DSP 9x9 ; DSP 18x18 ; Pins ; Virtual Pins ; ADC blocks ; Full Hierarchy Name   ; Entity Name ; Library Name ;
+----------------------------+---------------------+---------------------------+-------------+------------+--------------+---------+-----------+------+--------------+------------+-----------------------+-------------+--------------+
; |alu                       ; 49 (0)              ; 0 (0)                     ; 0           ; 0          ; 0            ; 0       ; 0         ; 34   ; 0            ; 0          ; |alu                  ; alu         ; work         ;
;    |fad8:fa1|              ; 9 (0)               ; 0 (0)                     ; 0           ; 0          ; 0            ; 0       ; 0         ; 0    ; 0            ; 0          ; |alu|fad8:fa1         ; fad8        ; work         ;
;       |fad:fa1|            ; 1 (1)               ; 0 (0)                     ; 0           ; 0          ; 0            ; 0       ; 0         ; 0    ; 0            ; 0          ; |alu|fad8:fa1|fad:fa1 ; fad         ; work         ;
;       |fad:fa2|            ; 1 (1)               ; 0 (0)                     ; 0           ; 0          ; 0            ; 0       ; 0         ; 0    ; 0            ; 0          ; |alu|fad8:fa1|fad:fa2 ; fad         ; work         ;
;       |fad:fa3|            ; 1 (1)               ; 0 (0)                     ; 0           ; 0          ; 0            ; 0       ; 0         ; 0    ; 0            ; 0          ; |alu|fad8:fa1|fad:fa3 ; fad         ; work         ;
;       |fad:fa4|            ; 2 (2)               ; 0 (0)                     ; 0           ; 0          ; 0            ; 0       ; 0         ; 0    ; 0            ; 0          ; |alu|fad8:fa1|fad:fa4 ; fad         ; work         ;
;       |fad:fa5|            ; 2 (2)               ; 0 (0)                     ; 0           ; 0          ; 0            ; 0       ; 0         ; 0    ; 0            ; 0          ; |alu|fad8:fa1|fad:fa5 ; fad         ; work         ;
;       |fad:fa6|            ; 1 (1)               ; 0 (0)                     ; 0           ; 0          ; 0            ; 0       ; 0         ; 0    ; 0            ; 0          ; |alu|fad8:fa1|fad:fa6 ; fad         ; work         ;
;       |fad:fa7|            ; 1 (1)               ; 0 (0)                     ; 0           ; 0          ; 0            ; 0       ; 0         ; 0    ; 0            ; 0          ; |alu|fad8:fa1|fad:fa7 ; fad         ; work         ;
;    |fsb8:fs1|              ; 9 (0)               ; 0 (0)                     ; 0           ; 0          ; 0            ; 0       ; 0         ; 0    ; 0            ; 0          ; |alu|fsb8:fs1         ; fsb8        ; work         ;
;       |fsb:fa1|            ; 1 (1)               ; 0 (0)                     ; 0           ; 0          ; 0            ; 0       ; 0         ; 0    ; 0            ; 0          ; |alu|fsb8:fs1|fsb:fa1 ; fsb         ; work         ;
;       |fsb:fa2|            ; 1 (1)               ; 0 (0)                     ; 0           ; 0          ; 0            ; 0       ; 0         ; 0    ; 0            ; 0          ; |alu|fsb8:fs1|fsb:fa2 ; fsb         ; work         ;
;       |fsb:fa3|            ; 1 (1)               ; 0 (0)                     ; 0           ; 0          ; 0            ; 0       ; 0         ; 0    ; 0            ; 0          ; |alu|fsb8:fs1|fsb:fa3 ; fsb         ; work         ;
;       |fsb:fa4|            ; 2 (2)               ; 0 (0)                     ; 0           ; 0          ; 0            ; 0       ; 0         ; 0    ; 0            ; 0          ; |alu|fsb8:fs1|fsb:fa4 ; fsb         ; work         ;
;       |fsb:fa5|            ; 2 (2)               ; 0 (0)                     ; 0           ; 0          ; 0            ; 0       ; 0         ; 0    ; 0            ; 0          ; |alu|fsb8:fs1|fsb:fa5 ; fsb         ; work         ;
;       |fsb:fa6|            ; 1 (1)               ; 0 (0)                     ; 0           ; 0          ; 0            ; 0       ; 0         ; 0    ; 0            ; 0          ; |alu|fsb8:fs1|fsb:fa6 ; fsb         ; work         ;
;       |fsb:fa7|            ; 1 (1)               ; 0 (0)                     ; 0           ; 0          ; 0            ; 0       ; 0         ; 0    ; 0            ; 0          ; |alu|fsb8:fs1|fsb:fa7 ; fsb         ; work         ;
;    |mux8:m1|               ; 23 (0)              ; 0 (0)                     ; 0           ; 0          ; 0            ; 0       ; 0         ; 0    ; 0            ; 0          ; |alu|mux8:m1          ; mux8        ; work         ;
;       |mux:m0|             ; 1 (1)               ; 0 (0)                     ; 0           ; 0          ; 0            ; 0       ; 0         ; 0    ; 0            ; 0          ; |alu|mux8:m1|mux:m0   ; mux         ; work         ;
;       |mux:m1|             ; 4 (4)               ; 0 (0)                     ; 0           ; 0          ; 0            ; 0       ; 0         ; 0    ; 0            ; 0          ; |alu|mux8:m1|mux:m1   ; mux         ; work         ;
;       |mux:m2|             ; 3 (3)               ; 0 (0)                     ; 0           ; 0          ; 0            ; 0       ; 0         ; 0    ; 0            ; 0          ; |alu|mux8:m1|mux:m2   ; mux         ; work         ;
;       |mux:m3|             ; 3 (3)               ; 0 (0)                     ; 0           ; 0          ; 0            ; 0       ; 0         ; 0    ; 0            ; 0          ; |alu|mux8:m1|mux:m3   ; mux         ; work         ;
;       |mux:m4|             ; 3 (3)               ; 0 (0)                     ; 0           ; 0          ; 0            ; 0       ; 0         ; 0    ; 0            ; 0          ; |alu|mux8:m1|mux:m4   ; mux         ; work         ;
;       |mux:m5|             ; 3 (3)               ; 0 (0)                     ; 0           ; 0          ; 0            ; 0       ; 0         ; 0    ; 0            ; 0          ; |alu|mux8:m1|mux:m5   ; mux         ; work         ;
;       |mux:m6|             ; 3 (3)               ; 0 (0)                     ; 0           ; 0          ; 0            ; 0       ; 0         ; 0    ; 0            ; 0          ; |alu|mux8:m1|mux:m6   ; mux         ; work         ;
;       |mux:m7|             ; 3 (3)               ; 0 (0)                     ; 0           ; 0          ; 0            ; 0       ; 0         ; 0    ; 0            ; 0          ; |alu|mux8:m1|mux:m7   ; mux         ; work         ;
;    |mux8:m2|               ; 8 (0)               ; 0 (0)                     ; 0           ; 0          ; 0            ; 0       ; 0         ; 0    ; 0            ; 0          ; |alu|mux8:m2          ; mux8        ; work         ;
;       |mux:m0|             ; 4 (4)               ; 0 (0)                     ; 0           ; 0          ; 0            ; 0       ; 0         ; 0    ; 0            ; 0          ; |alu|mux8:m2|mux:m0   ; mux         ; work         ;
;       |mux:m4|             ; 1 (1)               ; 0 (0)                     ; 0           ; 0          ; 0            ; 0       ; 0         ; 0    ; 0            ; 0          ; |alu|mux8:m2|mux:m4   ; mux         ; work         ;
;       |mux:m5|             ; 1 (1)               ; 0 (0)                     ; 0           ; 0          ; 0            ; 0       ; 0         ; 0    ; 0            ; 0          ; |alu|mux8:m2|mux:m5   ; mux         ; work         ;
;       |mux:m6|             ; 1 (1)               ; 0 (0)                     ; 0           ; 0          ; 0            ; 0       ; 0         ; 0    ; 0            ; 0          ; |alu|mux8:m2|mux:m6   ; mux         ; work         ;
;       |mux:m7|             ; 1 (1)               ; 0 (0)                     ; 0           ; 0          ; 0            ; 0       ; 0         ; 0    ; 0            ; 0          ; |alu|mux8:m2|mux:m7   ; mux         ; work         ;
+----------------------------+---------------------+---------------------------+-------------+------------+--------------+---------+-----------+------+--------------+------------+-----------------------+-------------+--------------+
Note: For table entries with two numbers listed, the numbers in parentheses indicate the number of resources of the given type used by the specific entity alone. The numbers listed outside of parentheses indicate the total resources of the given type used by the specific entity and all of its sub-entities in the hierarchy.


+------------------------------------------------------+
; General Register Statistics                          ;
+----------------------------------------------+-------+
; Statistic                                    ; Value ;
+----------------------------------------------+-------+
; Total registers                              ; 0     ;
; Number of registers using Synchronous Clear  ; 0     ;
; Number of registers using Synchronous Load   ; 0     ;
; Number of registers using Asynchronous Clear ; 0     ;
; Number of registers using Asynchronous Load  ; 0     ;
; Number of registers using Clock Enable       ; 0     ;
; Number of registers using Preset             ; 0     ;
+----------------------------------------------+-------+


+---------------------------------------------------------------------------------------------------------------------------------------------------------------------+
; Port Connectivity Checks: "mux8:m2"                                                                                                                                 ;
+------+-------+----------+-------------------------------------------------------------------------------------------------------------------------------------------+
; Port ; Type  ; Severity ; Details                                                                                                                                   ;
+------+-------+----------+-------------------------------------------------------------------------------------------------------------------------------------------+
; d    ; Input ; Warning  ; Input port expression (1 bits) is smaller than the input port (8 bits) it drives.  Extra input bit(s) "d[7..1]" will be connected to GND. ;
; d    ; Input ; Info     ; Stuck at GND                                                                                                                              ;
+------+-------+----------+-------------------------------------------------------------------------------------------------------------------------------------------+


+---------------------------------------------------------------------------------------------------------------------------------------------------------------------------------------------------------------+
; Port Connectivity Checks: "fsb8:fs1|fsb:fa0"                                                                                                                                                                  ;
+-------+-------+----------+------------------------------------------------------------------------------------------------------------------------------------------------------------------------------------+
; Port  ; Type  ; Severity ; Details                                                                                                                                                                            ;
+-------+-------+----------+------------------------------------------------------------------------------------------------------------------------------------------------------------------------------------+
; c     ; Input ; Warning  ; Input port expression (32 bits) is wider than the input port (1 bits) it drives.  The 31 most-significant bit(s) in the expression will be dangling if they have no other fanouts. ;
; c[-1] ; Input ; Info     ; Stuck at GND                                                                                                                                                                       ;
+-------+-------+----------+------------------------------------------------------------------------------------------------------------------------------------------------------------------------------------+


+---------------------------------------------------------------------------------------------------------------------------------------------------------------------------------------------------------------+
; Port Connectivity Checks: "fad8:fa1|fad:fa0"                                                                                                                                                                  ;
+-------+-------+----------+------------------------------------------------------------------------------------------------------------------------------------------------------------------------------------+
; Port  ; Type  ; Severity ; Details                                                                                                                                                                            ;
+-------+-------+----------+------------------------------------------------------------------------------------------------------------------------------------------------------------------------------------+
; c     ; Input ; Warning  ; Input port expression (32 bits) is wider than the input port (1 bits) it drives.  The 31 most-significant bit(s) in the expression will be dangling if they have no other fanouts. ;
; c[-1] ; Input ; Info     ; Stuck at GND                                                                                                                                                                       ;
+-------+-------+----------+------------------------------------------------------------------------------------------------------------------------------------------------------------------------------------+


+-----------------------------------------------------+
; Post-Synthesis Netlist Statistics for Top Partition ;
+-----------------------+-----------------------------+
; Type                  ; Count                       ;
+-----------------------+-----------------------------+
; boundary_port         ; 34                          ;
; cycloneiii_lcell_comb ; 50                          ;
;     normal            ; 50                          ;
;         0 data inputs ; 1                           ;
;         2 data inputs ; 6                           ;
;         3 data inputs ; 15                          ;
;         4 data inputs ; 28                          ;
;                       ;                             ;
; Max LUT depth         ; 8.00                        ;
; Average LUT depth     ; 5.38                        ;
+-----------------------+-----------------------------+


+-------------------------------+
; Elapsed Time Per Partition    ;
+----------------+--------------+
; Partition Name ; Elapsed Time ;
+----------------+--------------+
; Top            ; 00:00:01     ;
+----------------+--------------+


+-------------------------------+
; Analysis & Synthesis Messages ;
+-------------------------------+
Info: *******************************************************************
Info: Running Quartus Prime Analysis & Synthesis
    Info: Version 18.1.0 Build 625 09/12/2018 SJ Lite Edition
    Info: Processing started: Thu Aug 08 23:02:35 2024
Info: Command: quartus_map --read_settings_files=on --write_settings_files=off alu -c alu
Warning (18236): Number of processors has not been specified which may cause overloading on shared machines.  Set the global assignment NUM_PARALLEL_PROCESSORS in your QSF to an appropriate value for best performance.
Info (20030): Parallel compilation is enabled and will use 14 of the 14 processors detected
Info (12021): Found 1 design units, including 1 entities, in source file alu.v
    Info (12023): Found entity 1: alu File: C:/AA AAAAA/NITC/Sem3/Hardware lab/b230593cs/program3/alu.v Line: 1
Info (12021): Found 1 design units, including 1 entities, in source file fad.v
    Info (12023): Found entity 1: fad File: C:/AA AAAAA/NITC/Sem3/Hardware lab/b230593cs/program3/fad.v Line: 1
Info (12021): Found 1 design units, including 1 entities, in source file fad8.v
    Info (12023): Found entity 1: fad8 File: C:/AA AAAAA/NITC/Sem3/Hardware lab/b230593cs/program3/fad8.v Line: 1
Info (12021): Found 1 design units, including 1 entities, in source file fsb.v
    Info (12023): Found entity 1: fsb File: C:/AA AAAAA/NITC/Sem3/Hardware lab/b230593cs/program3/fsb.v Line: 1
Info (12021): Found 1 design units, including 1 entities, in source file fsb8.v
    Info (12023): Found entity 1: fsb8 File: C:/AA AAAAA/NITC/Sem3/Hardware lab/b230593cs/program3/fsb8.v Line: 1
Info (12021): Found 1 design units, including 1 entities, in source file bwxor.v
    Info (12023): Found entity 1: bwxor File: C:/AA AAAAA/NITC/Sem3/Hardware lab/b230593cs/program3/bwxor.v Line: 1
Info (12021): Found 1 design units, including 1 entities, in source file ls.v
    Info (12023): Found entity 1: ls File: C:/AA AAAAA/NITC/Sem3/Hardware lab/b230593cs/program3/ls.v Line: 1
Info (12021): Found 1 design units, including 1 entities, in source file alu_tb.v
    Info (12023): Found entity 1: alu_tb File: C:/AA AAAAA/NITC/Sem3/Hardware lab/b230593cs/program3/alu_tb.v Line: 1
Warning (12090): Entity "mux" obtained from "mux.v" instead of from Quartus Prime megafunction library File: C:/AA AAAAA/NITC/Sem3/Hardware lab/b230593cs/program3/mux.v Line: 1
Info (12021): Found 1 design units, including 1 entities, in source file mux.v
    Info (12023): Found entity 1: mux File: C:/AA AAAAA/NITC/Sem3/Hardware lab/b230593cs/program3/mux.v Line: 1
Info (12021): Found 1 design units, including 1 entities, in source file mux8.v
    Info (12023): Found entity 1: mux8 File: C:/AA AAAAA/NITC/Sem3/Hardware lab/b230593cs/program3/mux8.v Line: 1
Info (12127): Elaborating entity "alu" for the top level hierarchy
Info (12128): Elaborating entity "fad8" for hierarchy "fad8:fa1" File: C:/AA AAAAA/NITC/Sem3/Hardware lab/b230593cs/program3/alu.v Line: 7
Warning (10739): Verilog HDL warning at fad8.v(15): actual bit length 32 differs from formal bit length 1 File: C:/AA AAAAA/NITC/Sem3/Hardware lab/b230593cs/program3/fad8.v Line: 15
Warning (10739): Verilog HDL warning at fad8.v(16): actual bit length 32 differs from formal bit length 1 File: C:/AA AAAAA/NITC/Sem3/Hardware lab/b230593cs/program3/fad8.v Line: 16
Warning (10739): Verilog HDL warning at fad8.v(17): actual bit length 32 differs from formal bit length 1 File: C:/AA AAAAA/NITC/Sem3/Hardware lab/b230593cs/program3/fad8.v Line: 17
Warning (10739): Verilog HDL warning at fad8.v(18): actual bit length 32 differs from formal bit length 1 File: C:/AA AAAAA/NITC/Sem3/Hardware lab/b230593cs/program3/fad8.v Line: 18
Warning (10739): Verilog HDL warning at fad8.v(19): actual bit length 32 differs from formal bit length 1 File: C:/AA AAAAA/NITC/Sem3/Hardware lab/b230593cs/program3/fad8.v Line: 19
Warning (10739): Verilog HDL warning at fad8.v(20): actual bit length 32 differs from formal bit length 1 File: C:/AA AAAAA/NITC/Sem3/Hardware lab/b230593cs/program3/fad8.v Line: 20
Warning (10739): Verilog HDL warning at fad8.v(21): actual bit length 32 differs from formal bit length 1 File: C:/AA AAAAA/NITC/Sem3/Hardware lab/b230593cs/program3/fad8.v Line: 21
Info (12128): Elaborating entity "fad" for hierarchy "fad8:fa1|fad:fa0" File: C:/AA AAAAA/NITC/Sem3/Hardware lab/b230593cs/program3/fad8.v Line: 6
Info (12128): Elaborating entity "fsb8" for hierarchy "fsb8:fs1" File: C:/AA AAAAA/NITC/Sem3/Hardware lab/b230593cs/program3/alu.v Line: 8
Warning (10739): Verilog HDL warning at fsb8.v(15): actual bit length 32 differs from formal bit length 1 File: C:/AA AAAAA/NITC/Sem3/Hardware lab/b230593cs/program3/fsb8.v Line: 15
Warning (10739): Verilog HDL warning at fsb8.v(16): actual bit length 32 differs from formal bit length 1 File: C:/AA AAAAA/NITC/Sem3/Hardware lab/b230593cs/program3/fsb8.v Line: 16
Warning (10739): Verilog HDL warning at fsb8.v(17): actual bit length 32 differs from formal bit length 1 File: C:/AA AAAAA/NITC/Sem3/Hardware lab/b230593cs/program3/fsb8.v Line: 17
Warning (10739): Verilog HDL warning at fsb8.v(18): actual bit length 32 differs from formal bit length 1 File: C:/AA AAAAA/NITC/Sem3/Hardware lab/b230593cs/program3/fsb8.v Line: 18
Warning (10739): Verilog HDL warning at fsb8.v(19): actual bit length 32 differs from formal bit length 1 File: C:/AA AAAAA/NITC/Sem3/Hardware lab/b230593cs/program3/fsb8.v Line: 19
Warning (10739): Verilog HDL warning at fsb8.v(20): actual bit length 32 differs from formal bit length 1 File: C:/AA AAAAA/NITC/Sem3/Hardware lab/b230593cs/program3/fsb8.v Line: 20
Warning (10739): Verilog HDL warning at fsb8.v(21): actual bit length 32 differs from formal bit length 1 File: C:/AA AAAAA/NITC/Sem3/Hardware lab/b230593cs/program3/fsb8.v Line: 21
Info (12128): Elaborating entity "fsb" for hierarchy "fsb8:fs1|fsb:fa0" File: C:/AA AAAAA/NITC/Sem3/Hardware lab/b230593cs/program3/fsb8.v Line: 6
Info (12128): Elaborating entity "bwxor" for hierarchy "bwxor:bw1" File: C:/AA AAAAA/NITC/Sem3/Hardware lab/b230593cs/program3/alu.v Line: 9
Info (12128): Elaborating entity "ls" for hierarchy "ls:l1" File: C:/AA AAAAA/NITC/Sem3/Hardware lab/b230593cs/program3/alu.v Line: 10
Warning (10739): Verilog HDL warning at ls.v(5): actual bit length 32 differs from formal bit length 1 File: C:/AA AAAAA/NITC/Sem3/Hardware lab/b230593cs/program3/ls.v Line: 5
Warning (10739): Verilog HDL warning at ls.v(6): actual bit length 32 differs from formal bit length 1 File: C:/AA AAAAA/NITC/Sem3/Hardware lab/b230593cs/program3/ls.v Line: 6
Warning (10739): Verilog HDL warning at ls.v(7): actual bit length 32 differs from formal bit length 1 File: C:/AA AAAAA/NITC/Sem3/Hardware lab/b230593cs/program3/ls.v Line: 7
Warning (10739): Verilog HDL warning at ls.v(8): actual bit length 32 differs from formal bit length 1 File: C:/AA AAAAA/NITC/Sem3/Hardware lab/b230593cs/program3/ls.v Line: 8
Warning (10739): Verilog HDL warning at ls.v(9): actual bit length 32 differs from formal bit length 1 File: C:/AA AAAAA/NITC/Sem3/Hardware lab/b230593cs/program3/ls.v Line: 9
Warning (10739): Verilog HDL warning at ls.v(10): actual bit length 32 differs from formal bit length 1 File: C:/AA AAAAA/NITC/Sem3/Hardware lab/b230593cs/program3/ls.v Line: 10
Warning (10739): Verilog HDL warning at ls.v(11): actual bit length 32 differs from formal bit length 1 File: C:/AA AAAAA/NITC/Sem3/Hardware lab/b230593cs/program3/ls.v Line: 11
Warning (10739): Verilog HDL warning at ls.v(12): actual bit length 32 differs from formal bit length 1 File: C:/AA AAAAA/NITC/Sem3/Hardware lab/b230593cs/program3/ls.v Line: 12
Info (12128): Elaborating entity "mux8" for hierarchy "mux8:m1" File: C:/AA AAAAA/NITC/Sem3/Hardware lab/b230593cs/program3/alu.v Line: 13
Info (12128): Elaborating entity "mux" for hierarchy "mux8:m1|mux:m0" File: C:/AA AAAAA/NITC/Sem3/Hardware lab/b230593cs/program3/mux8.v Line: 6
Warning (12241): 3 hierarchies have connectivity warnings - see the Connectivity Checks report folder
Warning (13024): Output pins are stuck at VCC or GND
    Warning (13410): Pin "O2[1]" is stuck at GND File: C:/AA AAAAA/NITC/Sem3/Hardware lab/b230593cs/program3/alu.v Line: 4
    Warning (13410): Pin "O2[2]" is stuck at GND File: C:/AA AAAAA/NITC/Sem3/Hardware lab/b230593cs/program3/alu.v Line: 4
    Warning (13410): Pin "O2[3]" is stuck at GND File: C:/AA AAAAA/NITC/Sem3/Hardware lab/b230593cs/program3/alu.v Line: 4
Info (286030): Timing-Driven Synthesis is running
Info (16010): Generating hard_block partition "hard_block:auto_generated_inst"
    Info (16011): Adding 0 node(s), including 0 DDIO, 0 PLL, 0 transceiver and 0 LCELL
Info (21057): Implemented 83 device resources after synthesis - the final resource count might be different
    Info (21058): Implemented 18 input pins
    Info (21059): Implemented 16 output pins
    Info (21061): Implemented 49 logic cells
Info: Quartus Prime Analysis & Synthesis was successful. 0 errors, 29 warnings
    Info: Peak virtual memory: 4781 megabytes
    Info: Processing ended: Thu Aug 08 23:02:50 2024
    Info: Elapsed time: 00:00:15
    Info: Total CPU time (on all processors): 00:00:12


